[2024-01-29 18:48:45.058] [modengine] [info] Attempting to load global config at D:\GAME\Steam\steamapps\common\ELDEN RING\ELDEN_RING_MOD\mods\modengine2\config.toml
[2024-01-29 18:48:45.058] [modengine] [info] Attempting to load mod settings config at D:\GAME\Steam\steamapps\common\ELDEN RING\ELDEN_RING_MOD\mods\config_eldenring.toml
[2024-01-29 18:48:45.060] [modengine] [info] Local config loaded
[2024-01-29 18:48:45.061] [modengine] [info] ModEngine version 2.1.0-0924ab36f1311bf84e7e626740b4bf2c0d54909a initializing for Elden Ring
[2024-01-29 18:48:45.061] [modengine] [info] Local settings loaded: true, Global settings loaded: false
[2024-01-29 18:48:45.061] [modengine] [info] Main thread ID: 3172
[2024-01-29 18:48:45.067] [modengine] [info] Enabling extension base
[2024-01-29 18:48:45.068] [modengine] [info] Enabled extension base
[2024-01-29 18:48:45.068] [modengine] [info] Enabling extension mod_loader
[2024-01-29 18:48:45.068] [modengine] [info] Installing mod location mod
[2024-01-29 18:48:45.068] [modengine] [info] Resolved mod path to D:\GAME\Steam\steamapps\common\ELDEN RING\ELDEN_RING_MOD\mods\mod
[2024-01-29 18:48:45.068] [modengine] [info] Enabled extension mod_loader
[2024-01-29 18:48:45.385] [modengine] [info] Applied 3 hooks
[2024-01-29 18:48:45.387] [modengine] [info] Starting worker thread
[2024-01-29 19:46:03.512] [modengine] [info] Destroying
[2024-01-29 19:46:03.515] [modengine] [info] Destroying
[2024-01-29 19:46:03.515] [modengine] [info] Destroying
[2024-01-29 19:46:03.515] [modengine] [info] Destroying
[2024-01-29 19:46:03.515] [modengine] [info] Destroying
[2024-01-29 19:46:03.515] [modengine] [info] Destroying
[2024-01-29 19:46:03.515] [modengine] [info] Destroying
[2024-01-29 19:46:03.518] [modengine] [info] Destroying
[2024-01-29 19:46:03.518] [modengine] [info] Destroying
[2024-01-29 19:46:03.522] [modengine] [info] Destroying
[2024-01-29 19:46:12.476] [modengine] [info] Attempting to load global config at D:\GAME\Steam\steamapps\common\ELDEN RING\ELDEN_RING_MOD\mods\modengine2\config.toml
[2024-01-29 19:46:12.476] [modengine] [info] Attempting to load mod settings config at D:\GAME\Steam\steamapps\common\ELDEN RING\ELDEN_RING_MOD\mods\config_eldenring.toml
[2024-01-29 19:46:12.477] [modengine] [info] Local config loaded
[2024-01-29 19:46:12.478] [modengine] [info] ModEngine version 2.1.0-0924ab36f1311bf84e7e626740b4bf2c0d54909a initializing for Elden Ring
[2024-01-29 19:46:12.478] [modengine] [info] Local settings loaded: true, Global settings loaded: false
[2024-01-29 19:46:12.478] [modengine] [info] Main thread ID: 2424
[2024-01-29 19:46:12.484] [modengine] [info] Enabling extension base
[2024-01-29 19:46:12.484] [modengine] [info] Enabled extension base
[2024-01-29 19:46:12.484] [modengine] [info] Enabling extension mod_loader
[2024-01-29 19:46:12.484] [modengine] [info] Installing mod location mod
[2024-01-29 19:46:12.484] [modengine] [info] Resolved mod path to D:\GAME\Steam\steamapps\common\ELDEN RING\ELDEN_RING_MOD\mods\mod
[2024-01-29 19:46:12.484] [modengine] [info] Enabled extension mod_loader
[2024-01-29 19:46:12.814] [modengine] [info] Applied 3 hooks
[2024-01-29 19:46:12.816] [modengine] [info] Starting worker thread
[2024-01-29 20:30:37.806] [modengine] [info] Destroying
[2024-01-29 20:30:37.806] [modengine] [info] Destroying
[2024-01-29 20:30:37.806] [modengine] [info] Destroying
[2024-01-29 20:30:37.806] [modengine] [info] Destroying
[2024-01-29 20:30:37.806] [modengine] [info] Destroying
[2024-01-29 20:30:37.806] [modengine] [info] Destroying
[2024-01-29 20:30:37.806] [modengine] [info] Destroying
[2024-01-29 20:30:37.807] [modengine] [info] Destroying
[2024-01-29 20:30:37.807] [modengine] [info] Destroying
[2024-01-29 20:30:37.808] [modengine] [info] Destroying
