[2024-02-10 09:12:44.613] [modengine] [info] Attempting to load global config at D:\GAME\Steam\steamapps\common\ELDEN RING\ELDEN_RING_MOD\mods\modengine2\config.toml
[2024-02-10 09:12:44.613] [modengine] [info] Attempting to load mod settings config at D:\GAME\Steam\steamapps\common\ELDEN RING\ELDEN_RING_MOD\mods\config_eldenring.toml
[2024-02-10 09:12:44.614] [modengine] [info] Local config loaded
[2024-02-10 09:12:44.614] [modengine] [info] ModEngine version 2.1.0-0924ab36f1311bf84e7e626740b4bf2c0d54909a initializing for Elden Ring
[2024-02-10 09:12:44.614] [modengine] [info] Local settings loaded: true, Global settings loaded: false
[2024-02-10 09:12:44.614] [modengine] [info] Main thread ID: 9016
[2024-02-10 09:12:44.620] [modengine] [info] Enabling extension base
[2024-02-10 09:12:44.620] [modengine] [info] Enabled extension base
[2024-02-10 09:12:44.620] [modengine] [info] Enabling extension mod_loader
[2024-02-10 09:12:44.620] [modengine] [info] Installing mod location mod
[2024-02-10 09:12:44.620] [modengine] [info] Resolved mod path to D:\GAME\Steam\steamapps\common\ELDEN RING\ELDEN_RING_MOD\mods\mod
[2024-02-10 09:12:44.620] [modengine] [info] Enabled extension mod_loader
[2024-02-10 09:12:44.737] [modengine] [info] Applied 3 hooks
[2024-02-10 09:12:44.745] [modengine] [info] Starting worker thread
[2024-02-10 09:15:33.752] [modengine] [info] Attempting to load global config at D:\GAME\Steam\steamapps\common\ELDEN RING\ELDEN_RING_MOD\mods\modengine2\config.toml
[2024-02-10 09:15:33.752] [modengine] [info] Attempting to load mod settings config at D:\GAME\Steam\steamapps\common\ELDEN RING\ELDEN_RING_MOD\mods\config_eldenring.toml
[2024-02-10 09:15:33.752] [modengine] [info] Local config loaded
[2024-02-10 09:15:33.752] [modengine] [info] ModEngine version 2.1.0-0924ab36f1311bf84e7e626740b4bf2c0d54909a initializing for Elden Ring
[2024-02-10 09:15:33.752] [modengine] [info] Local settings loaded: true, Global settings loaded: false
[2024-02-10 09:15:33.752] [modengine] [info] Main thread ID: 2120
[2024-02-10 09:15:33.755] [modengine] [info] Enabling extension base
[2024-02-10 09:15:33.755] [modengine] [info] Enabled extension base
[2024-02-10 09:15:33.755] [modengine] [info] Enabling extension mod_loader
[2024-02-10 09:15:33.755] [modengine] [info] Installing mod location mod
[2024-02-10 09:15:33.755] [modengine] [info] Resolved mod path to D:\GAME\Steam\steamapps\common\ELDEN RING\ELDEN_RING_MOD\mods\mod
[2024-02-10 09:15:33.755] [modengine] [info] Enabled extension mod_loader
[2024-02-10 09:15:33.848] [modengine] [info] Applied 3 hooks
[2024-02-10 09:15:33.850] [modengine] [info] Starting worker thread
[2024-02-10 09:15:34.141] [modengine] [info] Destroying
[2024-02-10 09:15:34.141] [modengine] [info] Destroying
[2024-02-10 09:15:34.141] [modengine] [info] Destroying
[2024-02-10 09:15:34.141] [modengine] [info] Destroying
[2024-02-10 09:15:34.141] [modengine] [info] Destroying
[2024-02-10 09:15:34.141] [modengine] [info] Destroying
[2024-02-10 09:15:34.141] [modengine] [info] Destroying
[2024-02-10 09:15:34.141] [modengine] [info] Destroying
[2024-02-10 09:15:34.141] [modengine] [info] Destroying
[2024-02-10 09:15:34.142] [modengine] [info] Destroying
[2024-02-10 09:19:13.060] [modengine] [info] Attempting to load global config at D:\GAME\Steam\steamapps\common\ELDEN RING\ELDEN_RING_MOD\mods\modengine2\config.toml
[2024-02-10 09:19:13.060] [modengine] [info] Attempting to load mod settings config at D:\GAME\Steam\steamapps\common\ELDEN RING\ELDEN_RING_MOD\mods\config_eldenring.toml
[2024-02-10 09:19:13.060] [modengine] [info] Local config loaded
[2024-02-10 09:19:13.060] [modengine] [info] ModEngine version 2.1.0-0924ab36f1311bf84e7e626740b4bf2c0d54909a initializing for Elden Ring
[2024-02-10 09:19:13.060] [modengine] [info] Local settings loaded: true, Global settings loaded: false
[2024-02-10 09:19:13.060] [modengine] [info] Main thread ID: 3192
[2024-02-10 09:19:13.063] [modengine] [info] Enabling extension base
[2024-02-10 09:19:13.063] [modengine] [info] Enabled extension base
[2024-02-10 09:19:13.063] [modengine] [info] Enabling extension mod_loader
[2024-02-10 09:19:13.063] [modengine] [info] Installing mod location mod
[2024-02-10 09:19:13.063] [modengine] [info] Resolved mod path to D:\GAME\Steam\steamapps\common\ELDEN RING\ELDEN_RING_MOD\mods\mod
[2024-02-10 09:19:13.063] [modengine] [info] Enabled extension mod_loader
[2024-02-10 09:19:13.155] [modengine] [info] Applied 3 hooks
[2024-02-10 09:19:13.157] [modengine] [info] Starting worker thread
[2024-02-10 09:36:25.874] [modengine] [info] Attempting to load global config at D:\GAME\Steam\steamapps\common\ELDEN RING\ELDEN_RING_MOD\mods\modengine2\config.toml
[2024-02-10 09:36:25.874] [modengine] [info] Attempting to load mod settings config at D:\GAME\Steam\steamapps\common\ELDEN RING\ELDEN_RING_MOD\mods\config_eldenring.toml
[2024-02-10 09:36:25.874] [modengine] [info] Local config loaded
[2024-02-10 09:36:25.874] [modengine] [info] ModEngine version 2.1.0-0924ab36f1311bf84e7e626740b4bf2c0d54909a initializing for Elden Ring
[2024-02-10 09:36:25.874] [modengine] [info] Local settings loaded: true, Global settings loaded: false
[2024-02-10 09:36:25.874] [modengine] [info] Main thread ID: 1800
[2024-02-10 09:36:25.877] [modengine] [info] Enabling extension base
[2024-02-10 09:36:25.877] [modengine] [info] Enabled extension base
[2024-02-10 09:36:25.877] [modengine] [info] Enabling extension mod_loader
[2024-02-10 09:36:25.877] [modengine] [info] Installing mod location mod
[2024-02-10 09:36:25.877] [modengine] [info] Resolved mod path to D:\GAME\Steam\steamapps\common\ELDEN RING\ELDEN_RING_MOD\mods\mod
[2024-02-10 09:36:25.877] [modengine] [info] Enabled extension mod_loader
[2024-02-10 09:36:25.974] [modengine] [info] Applied 3 hooks
[2024-02-10 09:36:25.976] [modengine] [info] Starting worker thread
[2024-02-10 09:36:26.276] [modengine] [info] Destroying
[2024-02-10 09:36:26.276] [modengine] [info] Destroying
[2024-02-10 09:36:26.276] [modengine] [info] Destroying
[2024-02-10 09:36:26.276] [modengine] [info] Destroying
[2024-02-10 09:36:26.276] [modengine] [info] Destroying
[2024-02-10 09:36:26.276] [modengine] [info] Destroying
[2024-02-10 09:36:26.276] [modengine] [info] Destroying
[2024-02-10 09:36:26.276] [modengine] [info] Destroying
[2024-02-10 09:36:26.276] [modengine] [info] Destroying
[2024-02-10 09:36:26.277] [modengine] [info] Destroying
[2024-02-10 09:36:46.254] [modengine] [info] Destroying
[2024-02-10 09:36:46.254] [modengine] [info] Destroying
[2024-02-10 09:36:46.254] [modengine] [info] Destroying
[2024-02-10 09:36:46.254] [modengine] [info] Destroying
[2024-02-10 09:36:46.254] [modengine] [info] Destroying
[2024-02-10 09:36:46.254] [modengine] [info] Destroying
[2024-02-10 09:36:46.254] [modengine] [info] Destroying
[2024-02-10 09:36:46.256] [modengine] [info] Destroying
[2024-02-10 09:36:46.256] [modengine] [info] Destroying
[2024-02-10 09:36:46.256] [modengine] [info] Destroying
[2024-02-10 09:36:52.060] [modengine] [info] Attempting to load global config at D:\GAME\Steam\steamapps\common\ELDEN RING\ELDEN_RING_MOD\mods\modengine2\config.toml
[2024-02-10 09:36:52.060] [modengine] [info] Attempting to load mod settings config at D:\GAME\Steam\steamapps\common\ELDEN RING\ELDEN_RING_MOD\mods\config_eldenring.toml
[2024-02-10 09:36:52.060] [modengine] [info] Local config loaded
[2024-02-10 09:36:52.060] [modengine] [info] ModEngine version 2.1.0-0924ab36f1311bf84e7e626740b4bf2c0d54909a initializing for Elden Ring
[2024-02-10 09:36:52.060] [modengine] [info] Local settings loaded: true, Global settings loaded: false
[2024-02-10 09:36:52.060] [modengine] [info] Main thread ID: 8596
[2024-02-10 09:36:52.063] [modengine] [info] Enabling extension base
[2024-02-10 09:36:52.063] [modengine] [info] Enabled extension base
[2024-02-10 09:36:52.063] [modengine] [info] Enabling extension mod_loader
[2024-02-10 09:36:52.063] [modengine] [info] Installing mod location mod
[2024-02-10 09:36:52.063] [modengine] [info] Resolved mod path to D:\GAME\Steam\steamapps\common\ELDEN RING\ELDEN_RING_MOD\mods\mod
[2024-02-10 09:36:52.063] [modengine] [info] Enabled extension mod_loader
[2024-02-10 09:36:52.155] [modengine] [info] Applied 3 hooks
[2024-02-10 09:36:52.156] [modengine] [info] Starting worker thread
[2024-02-10 09:48:35.009] [modengine] [info] Destroying
[2024-02-10 09:48:35.009] [modengine] [info] Destroying
[2024-02-10 09:48:35.009] [modengine] [info] Destroying
[2024-02-10 09:48:35.009] [modengine] [info] Destroying
[2024-02-10 09:48:35.009] [modengine] [info] Destroying
[2024-02-10 09:48:35.009] [modengine] [info] Destroying
[2024-02-10 09:48:35.009] [modengine] [info] Destroying
[2024-02-10 09:48:35.011] [modengine] [info] Destroying
[2024-02-10 09:48:35.011] [modengine] [info] Destroying
[2024-02-10 09:48:35.012] [modengine] [info] Destroying
[2024-02-10 09:56:32.915] [modengine] [info] Attempting to load global config at D:\GAME\Steam\steamapps\common\ELDEN RING\ELDEN_RING_MOD\mods\modengine2\config.toml
[2024-02-10 09:56:32.915] [modengine] [info] Attempting to load mod settings config at D:\GAME\Steam\steamapps\common\ELDEN RING\ELDEN_RING_MOD\mods\config_eldenring.toml
[2024-02-10 09:56:32.915] [modengine] [info] Local config loaded
[2024-02-10 09:56:32.915] [modengine] [info] ModEngine version 2.1.0-0924ab36f1311bf84e7e626740b4bf2c0d54909a initializing for Elden Ring
[2024-02-10 09:56:32.915] [modengine] [info] Local settings loaded: true, Global settings loaded: false
[2024-02-10 09:56:32.915] [modengine] [info] Main thread ID: 6068
[2024-02-10 09:56:32.918] [modengine] [info] Enabling extension base
[2024-02-10 09:56:32.918] [modengine] [info] Enabled extension base
[2024-02-10 09:56:32.918] [modengine] [info] Enabling extension mod_loader
[2024-02-10 09:56:32.918] [modengine] [info] Installing mod location mod
[2024-02-10 09:56:32.918] [modengine] [info] Resolved mod path to D:\GAME\Steam\steamapps\common\ELDEN RING\ELDEN_RING_MOD\mods\mod
[2024-02-10 09:56:32.918] [modengine] [info] Enabled extension mod_loader
[2024-02-10 09:56:33.012] [modengine] [info] Applied 3 hooks
[2024-02-10 09:56:33.014] [modengine] [info] Starting worker thread
[2024-02-10 09:57:25.888] [modengine] [info] Destroying
[2024-02-10 09:57:25.888] [modengine] [info] Destroying
[2024-02-10 09:57:25.888] [modengine] [info] Destroying
[2024-02-10 09:57:25.888] [modengine] [info] Destroying
[2024-02-10 09:57:25.888] [modengine] [info] Destroying
[2024-02-10 09:57:25.888] [modengine] [info] Destroying
[2024-02-10 09:57:25.888] [modengine] [info] Destroying
[2024-02-10 09:57:25.889] [modengine] [info] Destroying
[2024-02-10 09:57:25.889] [modengine] [info] Destroying
[2024-02-10 09:57:25.889] [modengine] [info] Destroying
[2024-02-10 09:57:39.589] [modengine] [info] Attempting to load global config at D:\GAME\Steam\steamapps\common\ELDEN RING\ELDEN_RING_MOD\mods\modengine2\config.toml
[2024-02-10 09:57:39.589] [modengine] [info] Attempting to load mod settings config at D:\GAME\Steam\steamapps\common\ELDEN RING\ELDEN_RING_MOD\mods\config_eldenring.toml
[2024-02-10 09:57:39.589] [modengine] [info] Local config loaded
[2024-02-10 09:57:39.589] [modengine] [info] ModEngine version 2.1.0-0924ab36f1311bf84e7e626740b4bf2c0d54909a initializing for Elden Ring
[2024-02-10 09:57:39.589] [modengine] [info] Local settings loaded: true, Global settings loaded: false
[2024-02-10 09:57:39.589] [modengine] [info] Main thread ID: 2420
[2024-02-10 09:57:39.593] [modengine] [info] Enabling extension base
[2024-02-10 09:57:39.593] [modengine] [info] Enabled extension base
[2024-02-10 09:57:39.593] [modengine] [info] Enabling extension mod_loader
[2024-02-10 09:57:39.593] [modengine] [info] Installing mod location mod
[2024-02-10 09:57:39.593] [modengine] [info] Resolved mod path to D:\GAME\Steam\steamapps\common\ELDEN RING\ELDEN_RING_MOD\mods\mod
[2024-02-10 09:57:39.593] [modengine] [info] Enabled extension mod_loader
[2024-02-10 09:57:39.685] [modengine] [info] Applied 3 hooks
[2024-02-10 09:57:39.687] [modengine] [info] Starting worker thread
[2024-02-10 09:58:07.574] [modengine] [info] Attempting to load global config at D:\GAME\Steam\steamapps\common\ELDEN RING\ELDEN_RING_MOD\mods\modengine2\config.toml
[2024-02-10 09:58:07.574] [modengine] [info] Attempting to load mod settings config at D:\GAME\Steam\steamapps\common\ELDEN RING\ELDEN_RING_MOD\mods\config_eldenring.toml
[2024-02-10 09:58:07.574] [modengine] [info] Local config loaded
[2024-02-10 09:58:07.574] [modengine] [info] ModEngine version 2.1.0-0924ab36f1311bf84e7e626740b4bf2c0d54909a initializing for Elden Ring
[2024-02-10 09:58:07.574] [modengine] [info] Local settings loaded: true, Global settings loaded: false
[2024-02-10 09:58:07.574] [modengine] [info] Main thread ID: 3728
[2024-02-10 09:58:07.577] [modengine] [info] Enabling extension base
[2024-02-10 09:58:07.577] [modengine] [info] Enabled extension base
[2024-02-10 09:58:07.577] [modengine] [info] Enabling extension mod_loader
[2024-02-10 09:58:07.577] [modengine] [info] Installing mod location mod
[2024-02-10 09:58:07.577] [modengine] [info] Resolved mod path to D:\GAME\Steam\steamapps\common\ELDEN RING\ELDEN_RING_MOD\mods\mod
[2024-02-10 09:58:07.577] [modengine] [info] Enabled extension mod_loader
[2024-02-10 09:58:07.672] [modengine] [info] Applied 3 hooks
[2024-02-10 09:58:07.674] [modengine] [info] Starting worker thread
[2024-02-10 09:58:07.988] [modengine] [info] Destroying
[2024-02-10 09:58:07.988] [modengine] [info] Destroying
[2024-02-10 09:58:07.989] [modengine] [info] Destroying
[2024-02-10 09:58:07.989] [modengine] [info] Destroying
[2024-02-10 09:58:07.989] [modengine] [info] Destroying
[2024-02-10 09:58:07.989] [modengine] [info] Destroying
[2024-02-10 09:58:07.989] [modengine] [info] Destroying
[2024-02-10 09:58:07.989] [modengine] [info] Destroying
[2024-02-10 09:58:07.989] [modengine] [info] Destroying
[2024-02-10 09:58:07.989] [modengine] [info] Destroying
[2024-02-10 09:58:15.182] [modengine] [info] Destroying
[2024-02-10 09:58:15.182] [modengine] [info] Destroying
[2024-02-10 09:58:15.182] [modengine] [info] Destroying
[2024-02-10 09:58:15.182] [modengine] [info] Destroying
[2024-02-10 09:58:15.182] [modengine] [info] Destroying
[2024-02-10 09:58:15.182] [modengine] [info] Destroying
[2024-02-10 09:58:15.182] [modengine] [info] Destroying
[2024-02-10 09:58:15.182] [modengine] [info] Destroying
[2024-02-10 09:58:15.183] [modengine] [info] Destroying
[2024-02-10 09:58:15.183] [modengine] [info] Destroying
[2024-02-10 09:58:18.420] [modengine] [info] Attempting to load global config at D:\GAME\Steam\steamapps\common\ELDEN RING\ELDEN_RING_MOD\mods\modengine2\config.toml
[2024-02-10 09:58:18.420] [modengine] [info] Attempting to load mod settings config at D:\GAME\Steam\steamapps\common\ELDEN RING\ELDEN_RING_MOD\mods\config_eldenring.toml
[2024-02-10 09:58:18.420] [modengine] [info] Local config loaded
[2024-02-10 09:58:18.420] [modengine] [info] ModEngine version 2.1.0-0924ab36f1311bf84e7e626740b4bf2c0d54909a initializing for Elden Ring
[2024-02-10 09:58:18.420] [modengine] [info] Local settings loaded: true, Global settings loaded: false
[2024-02-10 09:58:18.420] [modengine] [info] Main thread ID: 5456
[2024-02-10 09:58:18.423] [modengine] [info] Enabling extension base
[2024-02-10 09:58:18.423] [modengine] [info] Enabled extension base
[2024-02-10 09:58:18.423] [modengine] [info] Enabling extension mod_loader
[2024-02-10 09:58:18.423] [modengine] [info] Installing mod location mod
[2024-02-10 09:58:18.423] [modengine] [info] Resolved mod path to D:\GAME\Steam\steamapps\common\ELDEN RING\ELDEN_RING_MOD\mods\mod
[2024-02-10 09:58:18.423] [modengine] [info] Enabled extension mod_loader
[2024-02-10 09:58:18.515] [modengine] [info] Applied 3 hooks
[2024-02-10 09:58:18.516] [modengine] [info] Starting worker thread
[2024-02-10 09:59:27.465] [modengine] [info] Destroying
[2024-02-10 09:59:27.465] [modengine] [info] Destroying
[2024-02-10 09:59:27.465] [modengine] [info] Destroying
[2024-02-10 09:59:27.465] [modengine] [info] Destroying
[2024-02-10 09:59:27.465] [modengine] [info] Destroying
[2024-02-10 09:59:27.465] [modengine] [info] Destroying
[2024-02-10 09:59:27.465] [modengine] [info] Destroying
[2024-02-10 09:59:27.466] [modengine] [info] Destroying
[2024-02-10 09:59:27.466] [modengine] [info] Destroying
[2024-02-10 09:59:27.467] [modengine] [info] Destroying
[2024-02-10 10:02:41.242] [modengine] [info] Attempting to load global config at D:\GAME\Steam\steamapps\common\ELDEN RING\ELDEN_RING_MOD\mods\modengine2\config.toml
[2024-02-10 10:02:41.242] [modengine] [info] Attempting to load mod settings config at D:\GAME\Steam\steamapps\common\ELDEN RING\ELDEN_RING_MOD\mods\config_eldenring.toml
[2024-02-10 10:02:41.243] [modengine] [info] Local config loaded
[2024-02-10 10:02:41.243] [modengine] [info] ModEngine version 2.1.0-0924ab36f1311bf84e7e626740b4bf2c0d54909a initializing for Elden Ring
[2024-02-10 10:02:41.243] [modengine] [info] Local settings loaded: true, Global settings loaded: false
[2024-02-10 10:02:41.243] [modengine] [info] Main thread ID: 10724
[2024-02-10 10:02:41.246] [modengine] [info] Enabling extension base
[2024-02-10 10:02:41.246] [modengine] [info] Enabled extension base
[2024-02-10 10:02:41.246] [modengine] [info] Enabling extension mod_loader
[2024-02-10 10:02:41.246] [modengine] [info] Installing mod location mod
[2024-02-10 10:02:41.246] [modengine] [info] Resolved mod path to D:\GAME\Steam\steamapps\common\ELDEN RING\ELDEN_RING_MOD\mods\mod
[2024-02-10 10:02:41.246] [modengine] [info] Enabled extension mod_loader
[2024-02-10 10:02:41.340] [modengine] [info] Applied 3 hooks
[2024-02-10 10:02:41.342] [modengine] [info] Starting worker thread
[2024-02-10 10:03:50.747] [modengine] [info] Destroying
[2024-02-10 10:03:50.747] [modengine] [info] Destroying
[2024-02-10 10:03:50.747] [modengine] [info] Destroying
[2024-02-10 10:03:50.747] [modengine] [info] Destroying
[2024-02-10 10:03:50.747] [modengine] [info] Destroying
[2024-02-10 10:03:50.747] [modengine] [info] Destroying
[2024-02-10 10:03:50.747] [modengine] [info] Destroying
[2024-02-10 10:03:50.748] [modengine] [info] Destroying
[2024-02-10 10:03:50.748] [modengine] [info] Destroying
[2024-02-10 10:03:50.749] [modengine] [info] Destroying
[2024-02-10 10:09:07.342] [modengine] [info] Attempting to load global config at D:\GAME\Steam\steamapps\common\ELDEN RING\ELDEN_RING_MOD\mods\modengine2\config.toml
[2024-02-10 10:09:07.342] [modengine] [info] Attempting to load mod settings config at D:\GAME\Steam\steamapps\common\ELDEN RING\ELDEN_RING_MOD\mods\config_eldenring.toml
[2024-02-10 10:09:07.342] [modengine] [info] Local config loaded
[2024-02-10 10:09:07.342] [modengine] [info] ModEngine version 2.1.0-0924ab36f1311bf84e7e626740b4bf2c0d54909a initializing for Elden Ring
[2024-02-10 10:09:07.342] [modengine] [info] Local settings loaded: true, Global settings loaded: false
[2024-02-10 10:09:07.342] [modengine] [info] Main thread ID: 6208
[2024-02-10 10:09:07.345] [modengine] [info] Enabling extension base
[2024-02-10 10:09:07.345] [modengine] [info] Enabled extension base
[2024-02-10 10:09:07.345] [modengine] [info] Enabling extension mod_loader
[2024-02-10 10:09:07.345] [modengine] [info] Installing mod location mod
[2024-02-10 10:09:07.345] [modengine] [info] Resolved mod path to D:\GAME\Steam\steamapps\common\ELDEN RING\ELDEN_RING_MOD\mods\mod
[2024-02-10 10:09:07.346] [modengine] [info] Enabled extension mod_loader
[2024-02-10 10:09:07.438] [modengine] [info] Applied 3 hooks
[2024-02-10 10:09:07.440] [modengine] [info] Starting worker thread
[2024-02-10 10:09:54.010] [modengine] [info] Attempting to load global config at D:\GAME\Steam\steamapps\common\ELDEN RING\ELDEN_RING_MOD\mods\modengine2\config.toml
[2024-02-10 10:09:54.011] [modengine] [info] Attempting to load mod settings config at D:\GAME\Steam\steamapps\common\ELDEN RING\ELDEN_RING_MOD\mods\config_eldenring.toml
[2024-02-10 10:09:54.011] [modengine] [info] Local config loaded
[2024-02-10 10:09:54.011] [modengine] [info] ModEngine version 2.1.0-0924ab36f1311bf84e7e626740b4bf2c0d54909a initializing for Elden Ring
[2024-02-10 10:09:54.011] [modengine] [info] Local settings loaded: true, Global settings loaded: false
[2024-02-10 10:09:54.011] [modengine] [info] Main thread ID: 10976
[2024-02-10 10:09:54.014] [modengine] [info] Enabling extension base
[2024-02-10 10:09:54.014] [modengine] [info] Enabled extension base
[2024-02-10 10:09:54.014] [modengine] [info] Enabling extension mod_loader
[2024-02-10 10:09:54.014] [modengine] [info] Installing mod location mod
[2024-02-10 10:09:54.014] [modengine] [info] Resolved mod path to D:\GAME\Steam\steamapps\common\ELDEN RING\ELDEN_RING_MOD\mods\mod
[2024-02-10 10:09:54.014] [modengine] [info] Enabled extension mod_loader
[2024-02-10 10:09:54.105] [modengine] [info] Applied 3 hooks
[2024-02-10 10:09:54.107] [modengine] [info] Starting worker thread
[2024-02-10 10:09:54.339] [modengine] [info] Destroying
[2024-02-10 10:09:54.339] [modengine] [info] Destroying
[2024-02-10 10:09:54.339] [modengine] [info] Destroying
[2024-02-10 10:09:54.339] [modengine] [info] Destroying
[2024-02-10 10:09:54.339] [modengine] [info] Destroying
[2024-02-10 10:09:54.339] [modengine] [info] Destroying
[2024-02-10 10:09:54.339] [modengine] [info] Destroying
[2024-02-10 10:09:54.339] [modengine] [info] Destroying
[2024-02-10 10:09:54.339] [modengine] [info] Destroying
[2024-02-10 10:09:54.339] [modengine] [info] Destroying
[2024-02-10 10:09:59.644] [modengine] [info] Destroying
[2024-02-10 10:09:59.644] [modengine] [info] Destroying
[2024-02-10 10:09:59.644] [modengine] [info] Destroying
[2024-02-10 10:09:59.644] [modengine] [info] Destroying
[2024-02-10 10:09:59.644] [modengine] [info] Destroying
[2024-02-10 10:09:59.644] [modengine] [info] Destroying
[2024-02-10 10:09:59.644] [modengine] [info] Destroying
[2024-02-10 10:09:59.644] [modengine] [info] Destroying
[2024-02-10 10:09:59.644] [modengine] [info] Destroying
[2024-02-10 10:09:59.645] [modengine] [info] Destroying
[2024-02-10 10:12:45.424] [modengine] [info] Attempting to load global config at D:\GAME\Steam\steamapps\common\ELDEN RING\ELDEN_RING_MOD\mods\modengine2\config.toml
[2024-02-10 10:12:45.424] [modengine] [info] Attempting to load mod settings config at D:\GAME\Steam\steamapps\common\ELDEN RING\ELDEN_RING_MOD\mods\config_eldenring.toml
[2024-02-10 10:12:45.424] [modengine] [info] Local config loaded
[2024-02-10 10:12:45.424] [modengine] [info] ModEngine version 2.1.0-0924ab36f1311bf84e7e626740b4bf2c0d54909a initializing for Elden Ring
[2024-02-10 10:12:45.424] [modengine] [info] Local settings loaded: true, Global settings loaded: false
[2024-02-10 10:12:45.424] [modengine] [info] Main thread ID: 8000
[2024-02-10 10:12:45.427] [modengine] [info] Enabling extension base
[2024-02-10 10:12:45.427] [modengine] [info] Enabled extension base
[2024-02-10 10:12:45.428] [modengine] [info] Enabling extension mod_loader
[2024-02-10 10:12:45.428] [modengine] [info] Installing mod location mod
[2024-02-10 10:12:45.428] [modengine] [info] Resolved mod path to D:\GAME\Steam\steamapps\common\ELDEN RING\ELDEN_RING_MOD\mods\mod
[2024-02-10 10:12:45.428] [modengine] [info] Enabled extension mod_loader
[2024-02-10 10:12:45.520] [modengine] [info] Applied 3 hooks
[2024-02-10 10:12:45.522] [modengine] [info] Starting worker thread
[2024-02-10 10:13:37.784] [modengine] [info] Destroying
[2024-02-10 10:13:37.784] [modengine] [info] Destroying
[2024-02-10 10:13:37.784] [modengine] [info] Destroying
[2024-02-10 10:13:37.784] [modengine] [info] Destroying
[2024-02-10 10:13:37.784] [modengine] [info] Destroying
[2024-02-10 10:13:37.784] [modengine] [info] Destroying
[2024-02-10 10:13:37.784] [modengine] [info] Destroying
[2024-02-10 10:13:37.785] [modengine] [info] Destroying
[2024-02-10 10:13:37.785] [modengine] [info] Destroying
[2024-02-10 10:13:37.787] [modengine] [info] Destroying
[2024-02-10 10:13:58.741] [modengine] [info] Attempting to load global config at D:\GAME\Steam\steamapps\common\ELDEN RING\ELDEN_RING_MOD\mods\modengine2\config.toml
[2024-02-10 10:13:58.741] [modengine] [info] Attempting to load mod settings config at D:\GAME\Steam\steamapps\common\ELDEN RING\ELDEN_RING_MOD\mods\config_eldenring.toml
[2024-02-10 10:13:58.741] [modengine] [info] Local config loaded
[2024-02-10 10:13:58.741] [modengine] [info] ModEngine version 2.1.0-0924ab36f1311bf84e7e626740b4bf2c0d54909a initializing for Elden Ring
[2024-02-10 10:13:58.741] [modengine] [info] Local settings loaded: true, Global settings loaded: false
[2024-02-10 10:13:58.741] [modengine] [info] Main thread ID: 4200
[2024-02-10 10:13:58.745] [modengine] [info] Enabling extension base
[2024-02-10 10:13:58.745] [modengine] [info] Enabled extension base
[2024-02-10 10:13:58.745] [modengine] [info] Enabling extension mod_loader
[2024-02-10 10:13:58.745] [modengine] [info] Installing mod location mod
[2024-02-10 10:13:58.745] [modengine] [info] Resolved mod path to D:\GAME\Steam\steamapps\common\ELDEN RING\ELDEN_RING_MOD\mods\mod
[2024-02-10 10:13:58.745] [modengine] [info] Enabled extension mod_loader
[2024-02-10 10:13:58.840] [modengine] [info] Applied 3 hooks
[2024-02-10 10:13:58.842] [modengine] [info] Starting worker thread
[2024-02-10 10:15:40.998] [modengine] [info] Destroying
[2024-02-10 10:15:40.998] [modengine] [info] Destroying
[2024-02-10 10:15:40.998] [modengine] [info] Destroying
[2024-02-10 10:15:40.998] [modengine] [info] Destroying
[2024-02-10 10:15:40.998] [modengine] [info] Destroying
[2024-02-10 10:15:40.999] [modengine] [info] Destroying
[2024-02-10 10:15:40.999] [modengine] [info] Destroying
[2024-02-10 10:15:41.000] [modengine] [info] Destroying
[2024-02-10 10:15:41.000] [modengine] [info] Destroying
[2024-02-10 10:15:41.001] [modengine] [info] Destroying
[2024-02-10 10:16:26.362] [modengine] [info] Attempting to load global config at D:\GAME\Steam\steamapps\common\ELDEN RING\ELDEN_RING_MOD\mods\modengine2\config.toml
[2024-02-10 10:16:26.362] [modengine] [info] Attempting to load mod settings config at D:\GAME\Steam\steamapps\common\ELDEN RING\ELDEN_RING_MOD\mods\config_eldenring.toml
[2024-02-10 10:16:26.362] [modengine] [info] Local config loaded
[2024-02-10 10:16:26.362] [modengine] [info] ModEngine version 2.1.0-0924ab36f1311bf84e7e626740b4bf2c0d54909a initializing for Elden Ring
[2024-02-10 10:16:26.362] [modengine] [info] Local settings loaded: true, Global settings loaded: false
[2024-02-10 10:16:26.362] [modengine] [info] Main thread ID: 9736
[2024-02-10 10:16:26.365] [modengine] [info] Enabling extension base
[2024-02-10 10:16:26.365] [modengine] [info] Enabled extension base
[2024-02-10 10:16:26.365] [modengine] [info] Enabling extension mod_loader
[2024-02-10 10:16:26.365] [modengine] [info] Installing mod location mod
[2024-02-10 10:16:26.365] [modengine] [info] Resolved mod path to D:\GAME\Steam\steamapps\common\ELDEN RING\ELDEN_RING_MOD\mods\mod
[2024-02-10 10:16:26.365] [modengine] [info] Enabled extension mod_loader
[2024-02-10 10:16:26.458] [modengine] [info] Applied 3 hooks
[2024-02-10 10:16:26.460] [modengine] [info] Starting worker thread
